/bin/bash: bundle: command not found
/bin/bash: bundle: command not found
/bin/bash: bundle: command not found
rake aborted!
LoadError: cannot load such file -- byebug
/usr/local/bundle/gems/activesupport-5.0.1/lib/active_support/dependencies.rb:293:in `require'
/usr/local/bundle/gems/activesupport-5.0.1/lib/active_support/dependencies.rb:293:in `block in require'
/usr/local/bundle/gems/activesupport-5.0.1/lib/active_support/dependencies.rb:259:in `load_dependency'
/usr/local/bundle/gems/activesupport-5.0.1/lib/active_support/dependencies.rb:293:in `require'
/app/Rakefile:3:in `<top (required)>'
/usr/local/bundle/gems/rake-12.0.0/exe/rake:27:in `<top (required)>'
(See full trace by running task with --trace)
/bin/bash: bundle: command not found
/bin/bash: bundle: command not found
/bin/bash: bundle: command not found
/bin/bash: bundle: command not found
Non US-ASCII detected and no charset defined.
Defaulting to UTF-8, set your own if this is incorrect.
Non US-ASCII detected and no charset defined.
Defaulting to UTF-8, set your own if this is incorrect.
Non US-ASCII detected and no charset defined.
Defaulting to UTF-8, set your own if this is incorrect.
Non US-ASCII detected and no charset defined.
Defaulting to UTF-8, set your own if this is incorrect.
Non US-ASCII detected and no charset defined.
Defaulting to UTF-8, set your own if this is incorrect.
Non US-ASCII detected and no charset defined.
Defaulting to UTF-8, set your own if this is incorrect.
Non US-ASCII detected and no charset defined.
Defaulting to UTF-8, set your own if this is incorrect.
Non US-ASCII detected and no charset defined.
Defaulting to UTF-8, set your own if this is incorrect.
Non US-ASCII detected and no charset defined.
Defaulting to UTF-8, set your own if this is incorrect.
Non US-ASCII detected and no charset defined.
Defaulting to UTF-8, set your own if this is incorrect.
Non US-ASCII detected and no charset defined.
Defaulting to UTF-8, set your own if this is incorrect.
rake aborted!
NoMethodError: undefined method `idCardapio' for #<Cardapio:0x007ffd96d33c18>
Did you mean?  idCardapioAnterior
/Users/toolmaker/.rvm/gems/ruby-2.3.0/gems/activemodel-5.0.1/lib/active_model/attribute_methods.rb:433:in `method_missing'
/Users/toolmaker/git/Boia/Rakefile:39:in `block (2 levels) in <top (required)>'
/Users/toolmaker/.rvm/gems/ruby-2.3.0/gems/activerecord-5.0.1/lib/active_record/relation/delegation.rb:38:in `each'
/Users/toolmaker/.rvm/gems/ruby-2.3.0/gems/activerecord-5.0.1/lib/active_record/relation/delegation.rb:38:in `each'
/Users/toolmaker/git/Boia/Rakefile:28:in `block in <top (required)>'
/Users/toolmaker/.rvm/gems/ruby-2.3.0/gems/rake-12.0.0/exe/rake:27:in `<top (required)>'
/Users/toolmaker/.rvm/gems/ruby-2.3.0/bin/ruby_executable_hooks:15:in `eval'
/Users/toolmaker/.rvm/gems/ruby-2.3.0/bin/ruby_executable_hooks:15:in `<main>'
Tasks: TOP => pedir_almoco
(See full trace by running task with --trace)
rake aborted!
Mysql2::Error: Can't connect to MySQL server on '10.0.0.16' (60)
/Users/toolmaker/.rvm/gems/ruby-2.3.0/gems/mysql2-0.4.5/lib/mysql2/client.rb:89:in `connect'
/Users/toolmaker/.rvm/gems/ruby-2.3.0/gems/mysql2-0.4.5/lib/mysql2/client.rb:89:in `initialize'
/Users/toolmaker/.rvm/gems/ruby-2.3.0/gems/activerecord-5.0.1/lib/active_record/connection_adapters/mysql2_adapter.rb:25:in `new'
/Users/toolmaker/.rvm/gems/ruby-2.3.0/gems/activerecord-5.0.1/lib/active_record/connection_adapters/mysql2_adapter.rb:25:in `mysql2_connection'
/Users/toolmaker/.rvm/gems/ruby-2.3.0/gems/activerecord-5.0.1/lib/active_record/connection_adapters/abstract/connection_pool.rb:729:in `new_connection'
/Users/toolmaker/.rvm/gems/ruby-2.3.0/gems/activerecord-5.0.1/lib/active_record/connection_adapters/abstract/connection_pool.rb:773:in `checkout_new_connection'
/Users/toolmaker/.rvm/gems/ruby-2.3.0/gems/activerecord-5.0.1/lib/active_record/connection_adapters/abstract/connection_pool.rb:752:in `try_to_checkout_new_connection'
/Users/toolmaker/.rvm/gems/ruby-2.3.0/gems/activerecord-5.0.1/lib/active_record/connection_adapters/abstract/connection_pool.rb:713:in `acquire_connection'
/Users/toolmaker/.rvm/gems/ruby-2.3.0/gems/activerecord-5.0.1/lib/active_record/connection_adapters/abstract/connection_pool.rb:490:in `checkout'
/Users/toolmaker/.rvm/gems/ruby-2.3.0/gems/activerecord-5.0.1/lib/active_record/connection_adapters/abstract/connection_pool.rb:364:in `connection'
/Users/toolmaker/.rvm/gems/ruby-2.3.0/gems/activerecord-5.0.1/lib/active_record/connection_adapters/abstract/connection_pool.rb:883:in `retrieve_connection'
/Users/toolmaker/.rvm/gems/ruby-2.3.0/gems/activerecord-5.0.1/lib/active_record/connection_handling.rb:128:in `retrieve_connection'
/Users/toolmaker/.rvm/gems/ruby-2.3.0/gems/activerecord-5.0.1/lib/active_record/connection_handling.rb:91:in `connection'
/Users/toolmaker/.rvm/gems/ruby-2.3.0/gems/activerecord-5.0.1/lib/active_record/model_schema.rb:441:in `load_schema!'
/Users/toolmaker/.rvm/gems/ruby-2.3.0/gems/activerecord-5.0.1/lib/active_record/attributes.rb:233:in `load_schema!'
/Users/toolmaker/.rvm/gems/ruby-2.3.0/gems/activerecord-5.0.1/lib/active_record/attribute_decorators.rb:28:in `load_schema!'
/Users/toolmaker/.rvm/gems/ruby-2.3.0/gems/activerecord-5.0.1/lib/active_record/model_schema.rb:436:in `load_schema'
/Users/toolmaker/.rvm/gems/ruby-2.3.0/gems/activerecord-5.0.1/lib/active_record/model_schema.rb:349:in `attribute_types'
/Users/toolmaker/.rvm/gems/ruby-2.3.0/gems/activerecord-5.0.1/lib/active_record/model_schema.rb:368:in `type_for_attribute'
/Users/toolmaker/.rvm/gems/ruby-2.3.0/gems/activerecord-5.0.1/lib/active_record/table_metadata.rb:34:in `type'
/Users/toolmaker/.rvm/gems/ruby-2.3.0/gems/activerecord-5.0.1/lib/active_record/relation/predicate_builder.rb:165:in `build_bind_param'
/Users/toolmaker/.rvm/gems/ruby-2.3.0/gems/activerecord-5.0.1/lib/active_record/relation/predicate_builder.rb:124:in `block in create_binds_for_hash'
/Users/toolmaker/.rvm/gems/ruby-2.3.0/gems/activerecord-5.0.1/lib/active_record/relation/predicate_builder.rb:100:in `each'
/Users/toolmaker/.rvm/gems/ruby-2.3.0/gems/activerecord-5.0.1/lib/active_record/relation/predicate_builder.rb:100:in `create_binds_for_hash'
/Users/toolmaker/.rvm/gems/ruby-2.3.0/gems/activerecord-5.0.1/lib/active_record/relation/predicate_builder.rb:36:in `create_binds'
/Users/toolmaker/.rvm/gems/ruby-2.3.0/gems/activerecord-5.0.1/lib/active_record/relation/where_clause_factory.rb:20:in `build'
/Users/toolmaker/.rvm/gems/ruby-2.3.0/gems/activerecord-5.0.1/lib/active_record/relation/query_methods.rb:632:in `where!'
/Users/toolmaker/.rvm/gems/ruby-2.3.0/gems/activerecord-5.0.1/lib/active_record/relation/query_methods.rb:625:in `where'
/Users/toolmaker/.rvm/gems/ruby-2.3.0/gems/activerecord-5.0.1/lib/active_record/querying.rb:10:in `where'
/Users/toolmaker/git/Boia/Rakefile:18:in `block in <top (required)>'
/Users/toolmaker/.rvm/gems/ruby-2.3.0/gems/rake-12.0.0/exe/rake:27:in `<top (required)>'
/Users/toolmaker/.rvm/gems/ruby-2.3.0/bin/ruby_executable_hooks:15:in `eval'
/Users/toolmaker/.rvm/gems/ruby-2.3.0/bin/ruby_executable_hooks:15:in `<main>'
Tasks: TOP => pedir_almoco
(See full trace by running task with --trace)
rake aborted!
NoMethodError: undefined method `idCardapio' for #<Cardapio:0x007f9848da65a0>
Did you mean?  idCardapioAnterior
/Users/toolmaker/.rvm/gems/ruby-2.3.0/gems/activemodel-5.0.1/lib/active_model/attribute_methods.rb:433:in `method_missing'
/Users/toolmaker/git/Boia/Rakefile:39:in `block (2 levels) in <top (required)>'
/Users/toolmaker/.rvm/gems/ruby-2.3.0/gems/activerecord-5.0.1/lib/active_record/relation/delegation.rb:38:in `each'
/Users/toolmaker/.rvm/gems/ruby-2.3.0/gems/activerecord-5.0.1/lib/active_record/relation/delegation.rb:38:in `each'
/Users/toolmaker/git/Boia/Rakefile:28:in `block in <top (required)>'
/Users/toolmaker/.rvm/gems/ruby-2.3.0/gems/rake-12.0.0/exe/rake:27:in `<top (required)>'
/Users/toolmaker/.rvm/gems/ruby-2.3.0/bin/ruby_executable_hooks:15:in `eval'
/Users/toolmaker/.rvm/gems/ruby-2.3.0/bin/ruby_executable_hooks:15:in `<main>'
Tasks: TOP => pedir_almoco
(See full trace by running task with --trace)
rake aborted!
NoMethodError: undefined method `idCardapio' for #<Cardapio:0x007f9eb56b6808>
Did you mean?  idCardapioAnterior
/Users/toolmaker/.rvm/gems/ruby-2.3.0/gems/activemodel-5.0.1/lib/active_model/attribute_methods.rb:433:in `method_missing'
/Users/toolmaker/git/Boia/Rakefile:39:in `block (2 levels) in <top (required)>'
/Users/toolmaker/.rvm/gems/ruby-2.3.0/gems/activerecord-5.0.1/lib/active_record/relation/delegation.rb:38:in `each'
/Users/toolmaker/.rvm/gems/ruby-2.3.0/gems/activerecord-5.0.1/lib/active_record/relation/delegation.rb:38:in `each'
/Users/toolmaker/git/Boia/Rakefile:28:in `block in <top (required)>'
/Users/toolmaker/.rvm/gems/ruby-2.3.0/gems/rake-12.0.0/exe/rake:27:in `<top (required)>'
/Users/toolmaker/.rvm/gems/ruby-2.3.0/bin/ruby_executable_hooks:15:in `eval'
/Users/toolmaker/.rvm/gems/ruby-2.3.0/bin/ruby_executable_hooks:15:in `<main>'
Tasks: TOP => pedir_almoco
(See full trace by running task with --trace)
rake aborted!
NoMethodError: undefined method `idCardapio' for #<Cardapio:0x007fcbd1c21e70>
Did you mean?  idCardapioAnterior
/Users/toolmaker/.rvm/gems/ruby-2.3.0/gems/activemodel-5.0.1/lib/active_model/attribute_methods.rb:433:in `method_missing'
/Users/toolmaker/git/Boia/Rakefile:39:in `block (2 levels) in <top (required)>'
/Users/toolmaker/.rvm/gems/ruby-2.3.0/gems/activerecord-5.0.1/lib/active_record/relation/delegation.rb:38:in `each'
/Users/toolmaker/.rvm/gems/ruby-2.3.0/gems/activerecord-5.0.1/lib/active_record/relation/delegation.rb:38:in `each'
/Users/toolmaker/git/Boia/Rakefile:28:in `block in <top (required)>'
/Users/toolmaker/.rvm/gems/ruby-2.3.0/gems/rake-12.0.0/exe/rake:27:in `<top (required)>'
/Users/toolmaker/.rvm/gems/ruby-2.3.0/gems/bundler-1.12.5/lib/bundler/cli/exec.rb:63:in `load'
/Users/toolmaker/.rvm/gems/ruby-2.3.0/gems/bundler-1.12.5/lib/bundler/cli/exec.rb:63:in `kernel_load'
/Users/toolmaker/.rvm/gems/ruby-2.3.0/gems/bundler-1.12.5/lib/bundler/cli/exec.rb:24:in `run'
/Users/toolmaker/.rvm/gems/ruby-2.3.0/gems/bundler-1.12.5/lib/bundler/cli.rb:304:in `exec'
/Users/toolmaker/.rvm/gems/ruby-2.3.0/gems/bundler-1.12.5/lib/bundler/vendor/thor/lib/thor/command.rb:27:in `run'
/Users/toolmaker/.rvm/gems/ruby-2.3.0/gems/bundler-1.12.5/lib/bundler/vendor/thor/lib/thor/invocation.rb:126:in `invoke_command'
/Users/toolmaker/.rvm/gems/ruby-2.3.0/gems/bundler-1.12.5/lib/bundler/vendor/thor/lib/thor.rb:359:in `dispatch'
/Users/toolmaker/.rvm/gems/ruby-2.3.0/gems/bundler-1.12.5/lib/bundler/vendor/thor/lib/thor/base.rb:440:in `start'
/Users/toolmaker/.rvm/gems/ruby-2.3.0/gems/bundler-1.12.5/lib/bundler/cli.rb:11:in `start'
/Users/toolmaker/.rvm/gems/ruby-2.3.0/gems/bundler-1.12.5/exe/bundle:27:in `block in <top (required)>'
/Users/toolmaker/.rvm/gems/ruby-2.3.0/gems/bundler-1.12.5/lib/bundler/friendly_errors.rb:98:in `with_friendly_errors'
/Users/toolmaker/.rvm/gems/ruby-2.3.0/gems/bundler-1.12.5/exe/bundle:19:in `<top (required)>'
/Users/toolmaker/.rvm/gems/ruby-2.3.0/bin/bundle:23:in `load'
/Users/toolmaker/.rvm/gems/ruby-2.3.0/bin/bundle:23:in `<main>'
/Users/toolmaker/.rvm/gems/ruby-2.3.0/bin/ruby_executable_hooks:15:in `eval'
/Users/toolmaker/.rvm/gems/ruby-2.3.0/bin/ruby_executable_hooks:15:in `<main>'
Tasks: TOP => pedir_almoco
(See full trace by running task with --trace)
rake aborted!
NoMethodError: undefined method `idCardapio' for #<Cardapio:0x007fc51e3c24a0>
Did you mean?  idCardapioAnterior
/Users/toolmaker/.rvm/gems/ruby-2.3.0/gems/activemodel-5.0.1/lib/active_model/attribute_methods.rb:433:in `method_missing'
/Users/toolmaker/git/Boia/Rakefile:39:in `block (2 levels) in <top (required)>'
/Users/toolmaker/.rvm/gems/ruby-2.3.0/gems/activerecord-5.0.1/lib/active_record/relation/delegation.rb:38:in `each'
/Users/toolmaker/.rvm/gems/ruby-2.3.0/gems/activerecord-5.0.1/lib/active_record/relation/delegation.rb:38:in `each'
/Users/toolmaker/git/Boia/Rakefile:28:in `block in <top (required)>'
/Users/toolmaker/.rvm/gems/ruby-2.3.0/gems/rake-12.0.0/exe/rake:27:in `<top (required)>'
/Users/toolmaker/.rvm/gems/ruby-2.3.0/gems/bundler-1.12.5/lib/bundler/cli/exec.rb:63:in `load'
/Users/toolmaker/.rvm/gems/ruby-2.3.0/gems/bundler-1.12.5/lib/bundler/cli/exec.rb:63:in `kernel_load'
/Users/toolmaker/.rvm/gems/ruby-2.3.0/gems/bundler-1.12.5/lib/bundler/cli/exec.rb:24:in `run'
/Users/toolmaker/.rvm/gems/ruby-2.3.0/gems/bundler-1.12.5/lib/bundler/cli.rb:304:in `exec'
/Users/toolmaker/.rvm/gems/ruby-2.3.0/gems/bundler-1.12.5/lib/bundler/vendor/thor/lib/thor/command.rb:27:in `run'
/Users/toolmaker/.rvm/gems/ruby-2.3.0/gems/bundler-1.12.5/lib/bundler/vendor/thor/lib/thor/invocation.rb:126:in `invoke_command'
/Users/toolmaker/.rvm/gems/ruby-2.3.0/gems/bundler-1.12.5/lib/bundler/vendor/thor/lib/thor.rb:359:in `dispatch'
/Users/toolmaker/.rvm/gems/ruby-2.3.0/gems/bundler-1.12.5/lib/bundler/vendor/thor/lib/thor/base.rb:440:in `start'
/Users/toolmaker/.rvm/gems/ruby-2.3.0/gems/bundler-1.12.5/lib/bundler/cli.rb:11:in `start'
/Users/toolmaker/.rvm/gems/ruby-2.3.0/gems/bundler-1.12.5/exe/bundle:27:in `block in <top (required)>'
/Users/toolmaker/.rvm/gems/ruby-2.3.0/gems/bundler-1.12.5/lib/bundler/friendly_errors.rb:98:in `with_friendly_errors'
/Users/toolmaker/.rvm/gems/ruby-2.3.0/gems/bundler-1.12.5/exe/bundle:19:in `<top (required)>'
/Users/toolmaker/.rvm/gems/ruby-2.3.0/bin/bundle:23:in `load'
/Users/toolmaker/.rvm/gems/ruby-2.3.0/bin/bundle:23:in `<main>'
/Users/toolmaker/.rvm/gems/ruby-2.3.0/bin/ruby_executable_hooks:15:in `eval'
/Users/toolmaker/.rvm/gems/ruby-2.3.0/bin/ruby_executable_hooks:15:in `<main>'
Tasks: TOP => pedir_almoco
(See full trace by running task with --trace)
rake aborted!
NoMethodError: undefined method `idCardapio' for #<Cardapio:0x007fdf6e089cb0>
Did you mean?  idCardapioAnterior
/Users/toolmaker/.rvm/gems/ruby-2.3.0/gems/activemodel-5.0.1/lib/active_model/attribute_methods.rb:433:in `method_missing'
/Users/toolmaker/git/Boia/Rakefile:39:in `block (2 levels) in <top (required)>'
/Users/toolmaker/.rvm/gems/ruby-2.3.0/gems/activerecord-5.0.1/lib/active_record/relation/delegation.rb:38:in `each'
/Users/toolmaker/.rvm/gems/ruby-2.3.0/gems/activerecord-5.0.1/lib/active_record/relation/delegation.rb:38:in `each'
/Users/toolmaker/git/Boia/Rakefile:28:in `block in <top (required)>'
/Users/toolmaker/.rvm/gems/ruby-2.3.0/gems/rake-12.0.0/exe/rake:27:in `<top (required)>'
/Users/toolmaker/.rvm/gems/ruby-2.3.0/gems/bundler-1.12.5/lib/bundler/cli/exec.rb:63:in `load'
/Users/toolmaker/.rvm/gems/ruby-2.3.0/gems/bundler-1.12.5/lib/bundler/cli/exec.rb:63:in `kernel_load'
/Users/toolmaker/.rvm/gems/ruby-2.3.0/gems/bundler-1.12.5/lib/bundler/cli/exec.rb:24:in `run'
/Users/toolmaker/.rvm/gems/ruby-2.3.0/gems/bundler-1.12.5/lib/bundler/cli.rb:304:in `exec'
/Users/toolmaker/.rvm/gems/ruby-2.3.0/gems/bundler-1.12.5/lib/bundler/vendor/thor/lib/thor/command.rb:27:in `run'
/Users/toolmaker/.rvm/gems/ruby-2.3.0/gems/bundler-1.12.5/lib/bundler/vendor/thor/lib/thor/invocation.rb:126:in `invoke_command'
/Users/toolmaker/.rvm/gems/ruby-2.3.0/gems/bundler-1.12.5/lib/bundler/vendor/thor/lib/thor.rb:359:in `dispatch'
/Users/toolmaker/.rvm/gems/ruby-2.3.0/gems/bundler-1.12.5/lib/bundler/vendor/thor/lib/thor/base.rb:440:in `start'
/Users/toolmaker/.rvm/gems/ruby-2.3.0/gems/bundler-1.12.5/lib/bundler/cli.rb:11:in `start'
/Users/toolmaker/.rvm/gems/ruby-2.3.0/gems/bundler-1.12.5/exe/bundle:27:in `block in <top (required)>'
/Users/toolmaker/.rvm/gems/ruby-2.3.0/gems/bundler-1.12.5/lib/bundler/friendly_errors.rb:98:in `with_friendly_errors'
/Users/toolmaker/.rvm/gems/ruby-2.3.0/gems/bundler-1.12.5/exe/bundle:19:in `<top (required)>'
/Users/toolmaker/.rvm/gems/ruby-2.3.0/bin/bundle:23:in `load'
/Users/toolmaker/.rvm/gems/ruby-2.3.0/bin/bundle:23:in `<main>'
/Users/toolmaker/.rvm/gems/ruby-2.3.0/bin/ruby_executable_hooks:15:in `eval'
/Users/toolmaker/.rvm/gems/ruby-2.3.0/bin/ruby_executable_hooks:15:in `<main>'
Tasks: TOP => pedir_almoco
(See full trace by running task with --trace)
Non US-ASCII detected and no charset defined.
Defaulting to UTF-8, set your own if this is incorrect.
rake aborted!
NoMethodError: undefined method `idCardapio' for #<Cardapio:0x007fdf37135998>
Did you mean?  idCardapioAnterior
/Users/toolmaker/.rvm/gems/ruby-2.3.0/gems/activemodel-5.0.1/lib/active_model/attribute_methods.rb:433:in `method_missing'
/Users/toolmaker/git/Boia/Rakefile:39:in `block (2 levels) in <top (required)>'
/Users/toolmaker/.rvm/gems/ruby-2.3.0/gems/activerecord-5.0.1/lib/active_record/relation/delegation.rb:38:in `each'
/Users/toolmaker/.rvm/gems/ruby-2.3.0/gems/activerecord-5.0.1/lib/active_record/relation/delegation.rb:38:in `each'
/Users/toolmaker/git/Boia/Rakefile:28:in `block in <top (required)>'
/Users/toolmaker/.rvm/gems/ruby-2.3.0/gems/rake-12.0.0/exe/rake:27:in `<top (required)>'
/Users/toolmaker/.rvm/gems/ruby-2.3.0/gems/bundler-1.12.5/lib/bundler/cli/exec.rb:63:in `load'
/Users/toolmaker/.rvm/gems/ruby-2.3.0/gems/bundler-1.12.5/lib/bundler/cli/exec.rb:63:in `kernel_load'
/Users/toolmaker/.rvm/gems/ruby-2.3.0/gems/bundler-1.12.5/lib/bundler/cli/exec.rb:24:in `run'
/Users/toolmaker/.rvm/gems/ruby-2.3.0/gems/bundler-1.12.5/lib/bundler/cli.rb:304:in `exec'
/Users/toolmaker/.rvm/gems/ruby-2.3.0/gems/bundler-1.12.5/lib/bundler/vendor/thor/lib/thor/command.rb:27:in `run'
/Users/toolmaker/.rvm/gems/ruby-2.3.0/gems/bundler-1.12.5/lib/bundler/vendor/thor/lib/thor/invocation.rb:126:in `invoke_command'
/Users/toolmaker/.rvm/gems/ruby-2.3.0/gems/bundler-1.12.5/lib/bundler/vendor/thor/lib/thor.rb:359:in `dispatch'
/Users/toolmaker/.rvm/gems/ruby-2.3.0/gems/bundler-1.12.5/lib/bundler/vendor/thor/lib/thor/base.rb:440:in `start'
/Users/toolmaker/.rvm/gems/ruby-2.3.0/gems/bundler-1.12.5/lib/bundler/cli.rb:11:in `start'
/Users/toolmaker/.rvm/gems/ruby-2.3.0/gems/bundler-1.12.5/exe/bundle:27:in `block in <top (required)>'
/Users/toolmaker/.rvm/gems/ruby-2.3.0/gems/bundler-1.12.5/lib/bundler/friendly_errors.rb:98:in `with_friendly_errors'
/Users/toolmaker/.rvm/gems/ruby-2.3.0/gems/bundler-1.12.5/exe/bundle:19:in `<top (required)>'
/Users/toolmaker/.rvm/gems/ruby-2.3.0/bin/bundle:23:in `load'
/Users/toolmaker/.rvm/gems/ruby-2.3.0/bin/bundle:23:in `<main>'
/Users/toolmaker/.rvm/gems/ruby-2.3.0/bin/ruby_executable_hooks:15:in `eval'
/Users/toolmaker/.rvm/gems/ruby-2.3.0/bin/ruby_executable_hooks:15:in `<main>'
Tasks: TOP => pedir_almoco
(See full trace by running task with --trace)
rake aborted!
NoMethodError: undefined method `idCardapio' for #<Cardapio:0x007feb8a1444c0>
Did you mean?  idCardapioAnterior
/Users/toolmaker/.rvm/gems/ruby-2.3.0/gems/activemodel-5.0.1/lib/active_model/attribute_methods.rb:433:in `method_missing'
/Users/toolmaker/git/Boia/Rakefile:39:in `block (2 levels) in <top (required)>'
/Users/toolmaker/.rvm/gems/ruby-2.3.0/gems/activerecord-5.0.1/lib/active_record/relation/delegation.rb:38:in `each'
/Users/toolmaker/.rvm/gems/ruby-2.3.0/gems/activerecord-5.0.1/lib/active_record/relation/delegation.rb:38:in `each'
/Users/toolmaker/git/Boia/Rakefile:28:in `block in <top (required)>'
/Users/toolmaker/.rvm/gems/ruby-2.3.0/gems/rake-12.0.0/exe/rake:27:in `<top (required)>'
/Users/toolmaker/.rvm/gems/ruby-2.3.0/gems/bundler-1.12.5/lib/bundler/cli/exec.rb:63:in `load'
/Users/toolmaker/.rvm/gems/ruby-2.3.0/gems/bundler-1.12.5/lib/bundler/cli/exec.rb:63:in `kernel_load'
/Users/toolmaker/.rvm/gems/ruby-2.3.0/gems/bundler-1.12.5/lib/bundler/cli/exec.rb:24:in `run'
/Users/toolmaker/.rvm/gems/ruby-2.3.0/gems/bundler-1.12.5/lib/bundler/cli.rb:304:in `exec'
/Users/toolmaker/.rvm/gems/ruby-2.3.0/gems/bundler-1.12.5/lib/bundler/vendor/thor/lib/thor/command.rb:27:in `run'
/Users/toolmaker/.rvm/gems/ruby-2.3.0/gems/bundler-1.12.5/lib/bundler/vendor/thor/lib/thor/invocation.rb:126:in `invoke_command'
/Users/toolmaker/.rvm/gems/ruby-2.3.0/gems/bundler-1.12.5/lib/bundler/vendor/thor/lib/thor.rb:359:in `dispatch'
/Users/toolmaker/.rvm/gems/ruby-2.3.0/gems/bundler-1.12.5/lib/bundler/vendor/thor/lib/thor/base.rb:440:in `start'
/Users/toolmaker/.rvm/gems/ruby-2.3.0/gems/bundler-1.12.5/lib/bundler/cli.rb:11:in `start'
/Users/toolmaker/.rvm/gems/ruby-2.3.0/gems/bundler-1.12.5/exe/bundle:27:in `block in <top (required)>'
/Users/toolmaker/.rvm/gems/ruby-2.3.0/gems/bundler-1.12.5/lib/bundler/friendly_errors.rb:98:in `with_friendly_errors'
/Users/toolmaker/.rvm/gems/ruby-2.3.0/gems/bundler-1.12.5/exe/bundle:19:in `<top (required)>'
/Users/toolmaker/.rvm/gems/ruby-2.3.0/bin/bundle:23:in `load'
/Users/toolmaker/.rvm/gems/ruby-2.3.0/bin/bundle:23:in `<main>'
/Users/toolmaker/.rvm/gems/ruby-2.3.0/bin/ruby_executable_hooks:15:in `eval'
/Users/toolmaker/.rvm/gems/ruby-2.3.0/bin/ruby_executable_hooks:15:in `<main>'
Tasks: TOP => pedir_almoco
(See full trace by running task with --trace)
rake aborted!
NoMethodError: undefined method `idCardapio' for #<Cardapio:0x007f9064bc9a70>
Did you mean?  idCardapioAnterior
/Users/toolmaker/.rvm/gems/ruby-2.3.0/gems/activemodel-5.0.1/lib/active_model/attribute_methods.rb:433:in `method_missing'
/Users/toolmaker/git/Boia/Rakefile:39:in `block (2 levels) in <top (required)>'
/Users/toolmaker/.rvm/gems/ruby-2.3.0/gems/activerecord-5.0.1/lib/active_record/relation/delegation.rb:38:in `each'
/Users/toolmaker/.rvm/gems/ruby-2.3.0/gems/activerecord-5.0.1/lib/active_record/relation/delegation.rb:38:in `each'
/Users/toolmaker/git/Boia/Rakefile:28:in `block in <top (required)>'
/Users/toolmaker/.rvm/gems/ruby-2.3.0/gems/rake-12.0.0/exe/rake:27:in `<top (required)>'
/Users/toolmaker/.rvm/gems/ruby-2.3.0/gems/bundler-1.12.5/lib/bundler/cli/exec.rb:63:in `load'
/Users/toolmaker/.rvm/gems/ruby-2.3.0/gems/bundler-1.12.5/lib/bundler/cli/exec.rb:63:in `kernel_load'
/Users/toolmaker/.rvm/gems/ruby-2.3.0/gems/bundler-1.12.5/lib/bundler/cli/exec.rb:24:in `run'
/Users/toolmaker/.rvm/gems/ruby-2.3.0/gems/bundler-1.12.5/lib/bundler/cli.rb:304:in `exec'
/Users/toolmaker/.rvm/gems/ruby-2.3.0/gems/bundler-1.12.5/lib/bundler/vendor/thor/lib/thor/command.rb:27:in `run'
/Users/toolmaker/.rvm/gems/ruby-2.3.0/gems/bundler-1.12.5/lib/bundler/vendor/thor/lib/thor/invocation.rb:126:in `invoke_command'
/Users/toolmaker/.rvm/gems/ruby-2.3.0/gems/bundler-1.12.5/lib/bundler/vendor/thor/lib/thor.rb:359:in `dispatch'
/Users/toolmaker/.rvm/gems/ruby-2.3.0/gems/bundler-1.12.5/lib/bundler/vendor/thor/lib/thor/base.rb:440:in `start'
/Users/toolmaker/.rvm/gems/ruby-2.3.0/gems/bundler-1.12.5/lib/bundler/cli.rb:11:in `start'
/Users/toolmaker/.rvm/gems/ruby-2.3.0/gems/bundler-1.12.5/exe/bundle:27:in `block in <top (required)>'
/Users/toolmaker/.rvm/gems/ruby-2.3.0/gems/bundler-1.12.5/lib/bundler/friendly_errors.rb:98:in `with_friendly_errors'
/Users/toolmaker/.rvm/gems/ruby-2.3.0/gems/bundler-1.12.5/exe/bundle:19:in `<top (required)>'
/Users/toolmaker/.rvm/gems/ruby-2.3.0/bin/bundle:23:in `load'
/Users/toolmaker/.rvm/gems/ruby-2.3.0/bin/bundle:23:in `<main>'
/Users/toolmaker/.rvm/gems/ruby-2.3.0/bin/ruby_executable_hooks:15:in `eval'
/Users/toolmaker/.rvm/gems/ruby-2.3.0/bin/ruby_executable_hooks:15:in `<main>'
Tasks: TOP => pedir_almoco
(See full trace by running task with --trace)
rake aborted!
NoMethodError: undefined method `idCardapio' for #<Cardapio:0x007feaa9579090>
Did you mean?  idCardapioAnterior
/Users/toolmaker/.rvm/gems/ruby-2.3.0/gems/activemodel-5.0.1/lib/active_model/attribute_methods.rb:433:in `method_missing'
/Users/toolmaker/git/Boia/Rakefile:39:in `block (2 levels) in <top (required)>'
/Users/toolmaker/.rvm/gems/ruby-2.3.0/gems/activerecord-5.0.1/lib/active_record/relation/delegation.rb:38:in `each'
/Users/toolmaker/.rvm/gems/ruby-2.3.0/gems/activerecord-5.0.1/lib/active_record/relation/delegation.rb:38:in `each'
/Users/toolmaker/git/Boia/Rakefile:28:in `block in <top (required)>'
/Users/toolmaker/.rvm/gems/ruby-2.3.0/gems/rake-12.0.0/exe/rake:27:in `<top (required)>'
/Users/toolmaker/.rvm/gems/ruby-2.3.0/gems/bundler-1.12.5/lib/bundler/cli/exec.rb:63:in `load'
/Users/toolmaker/.rvm/gems/ruby-2.3.0/gems/bundler-1.12.5/lib/bundler/cli/exec.rb:63:in `kernel_load'
/Users/toolmaker/.rvm/gems/ruby-2.3.0/gems/bundler-1.12.5/lib/bundler/cli/exec.rb:24:in `run'
/Users/toolmaker/.rvm/gems/ruby-2.3.0/gems/bundler-1.12.5/lib/bundler/cli.rb:304:in `exec'
/Users/toolmaker/.rvm/gems/ruby-2.3.0/gems/bundler-1.12.5/lib/bundler/vendor/thor/lib/thor/command.rb:27:in `run'
/Users/toolmaker/.rvm/gems/ruby-2.3.0/gems/bundler-1.12.5/lib/bundler/vendor/thor/lib/thor/invocation.rb:126:in `invoke_command'
/Users/toolmaker/.rvm/gems/ruby-2.3.0/gems/bundler-1.12.5/lib/bundler/vendor/thor/lib/thor.rb:359:in `dispatch'
/Users/toolmaker/.rvm/gems/ruby-2.3.0/gems/bundler-1.12.5/lib/bundler/vendor/thor/lib/thor/base.rb:440:in `start'
/Users/toolmaker/.rvm/gems/ruby-2.3.0/gems/bundler-1.12.5/lib/bundler/cli.rb:11:in `start'
/Users/toolmaker/.rvm/gems/ruby-2.3.0/gems/bundler-1.12.5/exe/bundle:27:in `block in <top (required)>'
/Users/toolmaker/.rvm/gems/ruby-2.3.0/gems/bundler-1.12.5/lib/bundler/friendly_errors.rb:98:in `with_friendly_errors'
/Users/toolmaker/.rvm/gems/ruby-2.3.0/gems/bundler-1.12.5/exe/bundle:19:in `<top (required)>'
/Users/toolmaker/.rvm/gems/ruby-2.3.0/bin/bundle:23:in `load'
/Users/toolmaker/.rvm/gems/ruby-2.3.0/bin/bundle:23:in `<main>'
/Users/toolmaker/.rvm/gems/ruby-2.3.0/bin/ruby_executable_hooks:15:in `eval'
/Users/toolmaker/.rvm/gems/ruby-2.3.0/bin/ruby_executable_hooks:15:in `<main>'
Tasks: TOP => pedir_almoco
(See full trace by running task with --trace)
rake aborted!
NoMethodError: undefined method `idCardapio' for #<Cardapio:0x007fb537d09640>
Did you mean?  idCardapioAnterior
/Users/toolmaker/.rvm/gems/ruby-2.3.0/gems/activemodel-5.0.1/lib/active_model/attribute_methods.rb:433:in `method_missing'
/Users/toolmaker/git/Boia/Rakefile:39:in `block (2 levels) in <top (required)>'
/Users/toolmaker/.rvm/gems/ruby-2.3.0/gems/activerecord-5.0.1/lib/active_record/relation/delegation.rb:38:in `each'
/Users/toolmaker/.rvm/gems/ruby-2.3.0/gems/activerecord-5.0.1/lib/active_record/relation/delegation.rb:38:in `each'
/Users/toolmaker/git/Boia/Rakefile:28:in `block in <top (required)>'
/Users/toolmaker/.rvm/gems/ruby-2.3.0/gems/rake-12.0.0/exe/rake:27:in `<top (required)>'
/Users/toolmaker/.rvm/gems/ruby-2.3.0/gems/bundler-1.12.5/lib/bundler/cli/exec.rb:63:in `load'
/Users/toolmaker/.rvm/gems/ruby-2.3.0/gems/bundler-1.12.5/lib/bundler/cli/exec.rb:63:in `kernel_load'
/Users/toolmaker/.rvm/gems/ruby-2.3.0/gems/bundler-1.12.5/lib/bundler/cli/exec.rb:24:in `run'
/Users/toolmaker/.rvm/gems/ruby-2.3.0/gems/bundler-1.12.5/lib/bundler/cli.rb:304:in `exec'
/Users/toolmaker/.rvm/gems/ruby-2.3.0/gems/bundler-1.12.5/lib/bundler/vendor/thor/lib/thor/command.rb:27:in `run'
/Users/toolmaker/.rvm/gems/ruby-2.3.0/gems/bundler-1.12.5/lib/bundler/vendor/thor/lib/thor/invocation.rb:126:in `invoke_command'
/Users/toolmaker/.rvm/gems/ruby-2.3.0/gems/bundler-1.12.5/lib/bundler/vendor/thor/lib/thor.rb:359:in `dispatch'
/Users/toolmaker/.rvm/gems/ruby-2.3.0/gems/bundler-1.12.5/lib/bundler/vendor/thor/lib/thor/base.rb:440:in `start'
/Users/toolmaker/.rvm/gems/ruby-2.3.0/gems/bundler-1.12.5/lib/bundler/cli.rb:11:in `start'
/Users/toolmaker/.rvm/gems/ruby-2.3.0/gems/bundler-1.12.5/exe/bundle:27:in `block in <top (required)>'
/Users/toolmaker/.rvm/gems/ruby-2.3.0/gems/bundler-1.12.5/lib/bundler/friendly_errors.rb:98:in `with_friendly_errors'
/Users/toolmaker/.rvm/gems/ruby-2.3.0/gems/bundler-1.12.5/exe/bundle:19:in `<top (required)>'
/Users/toolmaker/.rvm/gems/ruby-2.3.0/bin/bundle:23:in `load'
/Users/toolmaker/.rvm/gems/ruby-2.3.0/bin/bundle:23:in `<main>'
/Users/toolmaker/.rvm/gems/ruby-2.3.0/bin/ruby_executable_hooks:15:in `eval'
/Users/toolmaker/.rvm/gems/ruby-2.3.0/bin/ruby_executable_hooks:15:in `<main>'
Tasks: TOP => pedir_almoco
(See full trace by running task with --trace)
Non US-ASCII detected and no charset defined.
Defaulting to UTF-8, set your own if this is incorrect.
rake aborted!
NoMethodError: undefined method `idCardapio' for #<Cardapio:0x007ffd9c299428>
Did you mean?  idCardapioAnterior
/Users/toolmaker/.rvm/gems/ruby-2.3.0/gems/activemodel-5.0.1/lib/active_model/attribute_methods.rb:433:in `method_missing'
/Users/toolmaker/git/Boia/Rakefile:39:in `block (2 levels) in <top (required)>'
/Users/toolmaker/.rvm/gems/ruby-2.3.0/gems/activerecord-5.0.1/lib/active_record/relation/delegation.rb:38:in `each'
/Users/toolmaker/.rvm/gems/ruby-2.3.0/gems/activerecord-5.0.1/lib/active_record/relation/delegation.rb:38:in `each'
/Users/toolmaker/git/Boia/Rakefile:28:in `block in <top (required)>'
/Users/toolmaker/.rvm/gems/ruby-2.3.0/gems/rake-12.0.0/exe/rake:27:in `<top (required)>'
/Users/toolmaker/.rvm/gems/ruby-2.3.0/gems/bundler-1.12.5/lib/bundler/cli/exec.rb:63:in `load'
/Users/toolmaker/.rvm/gems/ruby-2.3.0/gems/bundler-1.12.5/lib/bundler/cli/exec.rb:63:in `kernel_load'
/Users/toolmaker/.rvm/gems/ruby-2.3.0/gems/bundler-1.12.5/lib/bundler/cli/exec.rb:24:in `run'
/Users/toolmaker/.rvm/gems/ruby-2.3.0/gems/bundler-1.12.5/lib/bundler/cli.rb:304:in `exec'
/Users/toolmaker/.rvm/gems/ruby-2.3.0/gems/bundler-1.12.5/lib/bundler/vendor/thor/lib/thor/command.rb:27:in `run'
/Users/toolmaker/.rvm/gems/ruby-2.3.0/gems/bundler-1.12.5/lib/bundler/vendor/thor/lib/thor/invocation.rb:126:in `invoke_command'
/Users/toolmaker/.rvm/gems/ruby-2.3.0/gems/bundler-1.12.5/lib/bundler/vendor/thor/lib/thor.rb:359:in `dispatch'
/Users/toolmaker/.rvm/gems/ruby-2.3.0/gems/bundler-1.12.5/lib/bundler/vendor/thor/lib/thor/base.rb:440:in `start'
/Users/toolmaker/.rvm/gems/ruby-2.3.0/gems/bundler-1.12.5/lib/bundler/cli.rb:11:in `start'
/Users/toolmaker/.rvm/gems/ruby-2.3.0/gems/bundler-1.12.5/exe/bundle:27:in `block in <top (required)>'
/Users/toolmaker/.rvm/gems/ruby-2.3.0/gems/bundler-1.12.5/lib/bundler/friendly_errors.rb:98:in `with_friendly_errors'
/Users/toolmaker/.rvm/gems/ruby-2.3.0/gems/bundler-1.12.5/exe/bundle:19:in `<top (required)>'
/Users/toolmaker/.rvm/gems/ruby-2.3.0/bin/bundle:23:in `load'
/Users/toolmaker/.rvm/gems/ruby-2.3.0/bin/bundle:23:in `<main>'
/Users/toolmaker/.rvm/gems/ruby-2.3.0/bin/ruby_executable_hooks:15:in `eval'
/Users/toolmaker/.rvm/gems/ruby-2.3.0/bin/ruby_executable_hooks:15:in `<main>'
Tasks: TOP => pedir_almoco
(See full trace by running task with --trace)
rake aborted!
NoMethodError: undefined method `idCardapio' for #<Cardapio:0x007fca2b9761f0>
Did you mean?  idCardapioAnterior
/Users/toolmaker/.rvm/gems/ruby-2.3.0/gems/activemodel-5.0.1/lib/active_model/attribute_methods.rb:433:in `method_missing'
/Users/toolmaker/git/Boia/Rakefile:39:in `block (2 levels) in <top (required)>'
/Users/toolmaker/.rvm/gems/ruby-2.3.0/gems/activerecord-5.0.1/lib/active_record/relation/delegation.rb:38:in `each'
/Users/toolmaker/.rvm/gems/ruby-2.3.0/gems/activerecord-5.0.1/lib/active_record/relation/delegation.rb:38:in `each'
/Users/toolmaker/git/Boia/Rakefile:28:in `block in <top (required)>'
/Users/toolmaker/.rvm/gems/ruby-2.3.0/gems/rake-12.0.0/exe/rake:27:in `<top (required)>'
/Users/toolmaker/.rvm/gems/ruby-2.3.0/gems/bundler-1.12.5/lib/bundler/cli/exec.rb:63:in `load'
/Users/toolmaker/.rvm/gems/ruby-2.3.0/gems/bundler-1.12.5/lib/bundler/cli/exec.rb:63:in `kernel_load'
/Users/toolmaker/.rvm/gems/ruby-2.3.0/gems/bundler-1.12.5/lib/bundler/cli/exec.rb:24:in `run'
/Users/toolmaker/.rvm/gems/ruby-2.3.0/gems/bundler-1.12.5/lib/bundler/cli.rb:304:in `exec'
/Users/toolmaker/.rvm/gems/ruby-2.3.0/gems/bundler-1.12.5/lib/bundler/vendor/thor/lib/thor/command.rb:27:in `run'
/Users/toolmaker/.rvm/gems/ruby-2.3.0/gems/bundler-1.12.5/lib/bundler/vendor/thor/lib/thor/invocation.rb:126:in `invoke_command'
/Users/toolmaker/.rvm/gems/ruby-2.3.0/gems/bundler-1.12.5/lib/bundler/vendor/thor/lib/thor.rb:359:in `dispatch'
/Users/toolmaker/.rvm/gems/ruby-2.3.0/gems/bundler-1.12.5/lib/bundler/vendor/thor/lib/thor/base.rb:440:in `start'
/Users/toolmaker/.rvm/gems/ruby-2.3.0/gems/bundler-1.12.5/lib/bundler/cli.rb:11:in `start'
/Users/toolmaker/.rvm/gems/ruby-2.3.0/gems/bundler-1.12.5/exe/bundle:27:in `block in <top (required)>'
/Users/toolmaker/.rvm/gems/ruby-2.3.0/gems/bundler-1.12.5/lib/bundler/friendly_errors.rb:98:in `with_friendly_errors'
/Users/toolmaker/.rvm/gems/ruby-2.3.0/gems/bundler-1.12.5/exe/bundle:19:in `<top (required)>'
/Users/toolmaker/.rvm/gems/ruby-2.3.0/bin/bundle:23:in `load'
/Users/toolmaker/.rvm/gems/ruby-2.3.0/bin/bundle:23:in `<main>'
/Users/toolmaker/.rvm/gems/ruby-2.3.0/bin/ruby_executable_hooks:15:in `eval'
/Users/toolmaker/.rvm/gems/ruby-2.3.0/bin/ruby_executable_hooks:15:in `<main>'
Tasks: TOP => pedir_almoco
(See full trace by running task with --trace)
rake aborted!
NoMethodError: undefined method `idCardapio' for #<Cardapio:0x007ffe9e881658>
Did you mean?  idCardapioAnterior
/Users/toolmaker/.rvm/gems/ruby-2.3.0/gems/activemodel-5.0.1/lib/active_model/attribute_methods.rb:433:in `method_missing'
/Users/toolmaker/git/Boia/Rakefile:39:in `block (2 levels) in <top (required)>'
/Users/toolmaker/.rvm/gems/ruby-2.3.0/gems/activerecord-5.0.1/lib/active_record/relation/delegation.rb:38:in `each'
/Users/toolmaker/.rvm/gems/ruby-2.3.0/gems/activerecord-5.0.1/lib/active_record/relation/delegation.rb:38:in `each'
/Users/toolmaker/git/Boia/Rakefile:28:in `block in <top (required)>'
/Users/toolmaker/.rvm/gems/ruby-2.3.0/gems/rake-12.0.0/exe/rake:27:in `<top (required)>'
/Users/toolmaker/.rvm/gems/ruby-2.3.0/gems/bundler-1.12.5/lib/bundler/cli/exec.rb:63:in `load'
/Users/toolmaker/.rvm/gems/ruby-2.3.0/gems/bundler-1.12.5/lib/bundler/cli/exec.rb:63:in `kernel_load'
/Users/toolmaker/.rvm/gems/ruby-2.3.0/gems/bundler-1.12.5/lib/bundler/cli/exec.rb:24:in `run'
/Users/toolmaker/.rvm/gems/ruby-2.3.0/gems/bundler-1.12.5/lib/bundler/cli.rb:304:in `exec'
/Users/toolmaker/.rvm/gems/ruby-2.3.0/gems/bundler-1.12.5/lib/bundler/vendor/thor/lib/thor/command.rb:27:in `run'
/Users/toolmaker/.rvm/gems/ruby-2.3.0/gems/bundler-1.12.5/lib/bundler/vendor/thor/lib/thor/invocation.rb:126:in `invoke_command'
/Users/toolmaker/.rvm/gems/ruby-2.3.0/gems/bundler-1.12.5/lib/bundler/vendor/thor/lib/thor.rb:359:in `dispatch'
/Users/toolmaker/.rvm/gems/ruby-2.3.0/gems/bundler-1.12.5/lib/bundler/vendor/thor/lib/thor/base.rb:440:in `start'
/Users/toolmaker/.rvm/gems/ruby-2.3.0/gems/bundler-1.12.5/lib/bundler/cli.rb:11:in `start'
/Users/toolmaker/.rvm/gems/ruby-2.3.0/gems/bundler-1.12.5/exe/bundle:27:in `block in <top (required)>'
/Users/toolmaker/.rvm/gems/ruby-2.3.0/gems/bundler-1.12.5/lib/bundler/friendly_errors.rb:98:in `with_friendly_errors'
/Users/toolmaker/.rvm/gems/ruby-2.3.0/gems/bundler-1.12.5/exe/bundle:19:in `<top (required)>'
/Users/toolmaker/.rvm/gems/ruby-2.3.0/bin/bundle:23:in `load'
/Users/toolmaker/.rvm/gems/ruby-2.3.0/bin/bundle:23:in `<main>'
/Users/toolmaker/.rvm/gems/ruby-2.3.0/bin/ruby_executable_hooks:15:in `eval'
/Users/toolmaker/.rvm/gems/ruby-2.3.0/bin/ruby_executable_hooks:15:in `<main>'
Tasks: TOP => pedir_almoco
(See full trace by running task with --trace)
rake aborted!
Mysql2::Error: Can't connect to MySQL server on '10.0.0.16' (60)
/Users/toolmaker/.rvm/gems/ruby-2.3.0/gems/mysql2-0.4.5/lib/mysql2/client.rb:89:in `connect'
/Users/toolmaker/.rvm/gems/ruby-2.3.0/gems/mysql2-0.4.5/lib/mysql2/client.rb:89:in `initialize'
/Users/toolmaker/.rvm/gems/ruby-2.3.0/gems/activerecord-5.0.1/lib/active_record/connection_adapters/mysql2_adapter.rb:25:in `new'
/Users/toolmaker/.rvm/gems/ruby-2.3.0/gems/activerecord-5.0.1/lib/active_record/connection_adapters/mysql2_adapter.rb:25:in `mysql2_connection'
/Users/toolmaker/.rvm/gems/ruby-2.3.0/gems/activerecord-5.0.1/lib/active_record/connection_adapters/abstract/connection_pool.rb:729:in `new_connection'
/Users/toolmaker/.rvm/gems/ruby-2.3.0/gems/activerecord-5.0.1/lib/active_record/connection_adapters/abstract/connection_pool.rb:773:in `checkout_new_connection'
/Users/toolmaker/.rvm/gems/ruby-2.3.0/gems/activerecord-5.0.1/lib/active_record/connection_adapters/abstract/connection_pool.rb:752:in `try_to_checkout_new_connection'
/Users/toolmaker/.rvm/gems/ruby-2.3.0/gems/activerecord-5.0.1/lib/active_record/connection_adapters/abstract/connection_pool.rb:713:in `acquire_connection'
/Users/toolmaker/.rvm/gems/ruby-2.3.0/gems/activerecord-5.0.1/lib/active_record/connection_adapters/abstract/connection_pool.rb:490:in `checkout'
/Users/toolmaker/.rvm/gems/ruby-2.3.0/gems/activerecord-5.0.1/lib/active_record/connection_adapters/abstract/connection_pool.rb:364:in `connection'
/Users/toolmaker/.rvm/gems/ruby-2.3.0/gems/activerecord-5.0.1/lib/active_record/connection_adapters/abstract/connection_pool.rb:883:in `retrieve_connection'
/Users/toolmaker/.rvm/gems/ruby-2.3.0/gems/activerecord-5.0.1/lib/active_record/connection_handling.rb:128:in `retrieve_connection'
/Users/toolmaker/.rvm/gems/ruby-2.3.0/gems/activerecord-5.0.1/lib/active_record/connection_handling.rb:91:in `connection'
/Users/toolmaker/.rvm/gems/ruby-2.3.0/gems/activerecord-5.0.1/lib/active_record/model_schema.rb:441:in `load_schema!'
/Users/toolmaker/.rvm/gems/ruby-2.3.0/gems/activerecord-5.0.1/lib/active_record/attributes.rb:233:in `load_schema!'
/Users/toolmaker/.rvm/gems/ruby-2.3.0/gems/activerecord-5.0.1/lib/active_record/attribute_decorators.rb:28:in `load_schema!'
/Users/toolmaker/.rvm/gems/ruby-2.3.0/gems/activerecord-5.0.1/lib/active_record/model_schema.rb:436:in `load_schema'
/Users/toolmaker/.rvm/gems/ruby-2.3.0/gems/activerecord-5.0.1/lib/active_record/model_schema.rb:349:in `attribute_types'
/Users/toolmaker/.rvm/gems/ruby-2.3.0/gems/activerecord-5.0.1/lib/active_record/model_schema.rb:368:in `type_for_attribute'
/Users/toolmaker/.rvm/gems/ruby-2.3.0/gems/activerecord-5.0.1/lib/active_record/table_metadata.rb:34:in `type'
/Users/toolmaker/.rvm/gems/ruby-2.3.0/gems/activerecord-5.0.1/lib/active_record/relation/predicate_builder.rb:165:in `build_bind_param'
/Users/toolmaker/.rvm/gems/ruby-2.3.0/gems/activerecord-5.0.1/lib/active_record/relation/predicate_builder.rb:124:in `block in create_binds_for_hash'
/Users/toolmaker/.rvm/gems/ruby-2.3.0/gems/activerecord-5.0.1/lib/active_record/relation/predicate_builder.rb:100:in `each'
/Users/toolmaker/.rvm/gems/ruby-2.3.0/gems/activerecord-5.0.1/lib/active_record/relation/predicate_builder.rb:100:in `create_binds_for_hash'
/Users/toolmaker/.rvm/gems/ruby-2.3.0/gems/activerecord-5.0.1/lib/active_record/relation/predicate_builder.rb:36:in `create_binds'
/Users/toolmaker/.rvm/gems/ruby-2.3.0/gems/activerecord-5.0.1/lib/active_record/relation/where_clause_factory.rb:20:in `build'
/Users/toolmaker/.rvm/gems/ruby-2.3.0/gems/activerecord-5.0.1/lib/active_record/relation/query_methods.rb:632:in `where!'
/Users/toolmaker/.rvm/gems/ruby-2.3.0/gems/activerecord-5.0.1/lib/active_record/relation/query_methods.rb:625:in `where'
/Users/toolmaker/.rvm/gems/ruby-2.3.0/gems/activerecord-5.0.1/lib/active_record/querying.rb:10:in `where'
/Users/toolmaker/git/Boia/Rakefile:18:in `block in <top (required)>'
/Users/toolmaker/.rvm/gems/ruby-2.3.0/gems/rake-12.0.0/exe/rake:27:in `<top (required)>'
/Users/toolmaker/.rvm/gems/ruby-2.3.0/gems/bundler-1.12.5/lib/bundler/cli/exec.rb:63:in `load'
/Users/toolmaker/.rvm/gems/ruby-2.3.0/gems/bundler-1.12.5/lib/bundler/cli/exec.rb:63:in `kernel_load'
/Users/toolmaker/.rvm/gems/ruby-2.3.0/gems/bundler-1.12.5/lib/bundler/cli/exec.rb:24:in `run'
/Users/toolmaker/.rvm/gems/ruby-2.3.0/gems/bundler-1.12.5/lib/bundler/cli.rb:304:in `exec'
/Users/toolmaker/.rvm/gems/ruby-2.3.0/gems/bundler-1.12.5/lib/bundler/vendor/thor/lib/thor/command.rb:27:in `run'
/Users/toolmaker/.rvm/gems/ruby-2.3.0/gems/bundler-1.12.5/lib/bundler/vendor/thor/lib/thor/invocation.rb:126:in `invoke_command'
/Users/toolmaker/.rvm/gems/ruby-2.3.0/gems/bundler-1.12.5/lib/bundler/vendor/thor/lib/thor.rb:359:in `dispatch'
/Users/toolmaker/.rvm/gems/ruby-2.3.0/gems/bundler-1.12.5/lib/bundler/vendor/thor/lib/thor/base.rb:440:in `start'
/Users/toolmaker/.rvm/gems/ruby-2.3.0/gems/bundler-1.12.5/lib/bundler/cli.rb:11:in `start'
/Users/toolmaker/.rvm/gems/ruby-2.3.0/gems/bundler-1.12.5/exe/bundle:27:in `block in <top (required)>'
/Users/toolmaker/.rvm/gems/ruby-2.3.0/gems/bundler-1.12.5/lib/bundler/friendly_errors.rb:98:in `with_friendly_errors'
/Users/toolmaker/.rvm/gems/ruby-2.3.0/gems/bundler-1.12.5/exe/bundle:19:in `<top (required)>'
/Users/toolmaker/.rvm/gems/ruby-2.3.0/bin/bundle:23:in `load'
/Users/toolmaker/.rvm/gems/ruby-2.3.0/bin/bundle:23:in `<main>'
/Users/toolmaker/.rvm/gems/ruby-2.3.0/bin/ruby_executable_hooks:15:in `eval'
/Users/toolmaker/.rvm/gems/ruby-2.3.0/bin/ruby_executable_hooks:15:in `<main>'
Tasks: TOP => pedir_almoco
(See full trace by running task with --trace)
rake aborted!
Mysql2::Error: Can't connect to MySQL server on '10.0.0.16' (60)
/Users/toolmaker/.rvm/gems/ruby-2.3.0/gems/mysql2-0.4.5/lib/mysql2/client.rb:89:in `connect'
/Users/toolmaker/.rvm/gems/ruby-2.3.0/gems/mysql2-0.4.5/lib/mysql2/client.rb:89:in `initialize'
/Users/toolmaker/.rvm/gems/ruby-2.3.0/gems/activerecord-5.0.1/lib/active_record/connection_adapters/mysql2_adapter.rb:25:in `new'
/Users/toolmaker/.rvm/gems/ruby-2.3.0/gems/activerecord-5.0.1/lib/active_record/connection_adapters/mysql2_adapter.rb:25:in `mysql2_connection'
/Users/toolmaker/.rvm/gems/ruby-2.3.0/gems/activerecord-5.0.1/lib/active_record/connection_adapters/abstract/connection_pool.rb:729:in `new_connection'
/Users/toolmaker/.rvm/gems/ruby-2.3.0/gems/activerecord-5.0.1/lib/active_record/connection_adapters/abstract/connection_pool.rb:773:in `checkout_new_connection'
/Users/toolmaker/.rvm/gems/ruby-2.3.0/gems/activerecord-5.0.1/lib/active_record/connection_adapters/abstract/connection_pool.rb:752:in `try_to_checkout_new_connection'
/Users/toolmaker/.rvm/gems/ruby-2.3.0/gems/activerecord-5.0.1/lib/active_record/connection_adapters/abstract/connection_pool.rb:713:in `acquire_connection'
/Users/toolmaker/.rvm/gems/ruby-2.3.0/gems/activerecord-5.0.1/lib/active_record/connection_adapters/abstract/connection_pool.rb:490:in `checkout'
/Users/toolmaker/.rvm/gems/ruby-2.3.0/gems/activerecord-5.0.1/lib/active_record/connection_adapters/abstract/connection_pool.rb:364:in `connection'
/Users/toolmaker/.rvm/gems/ruby-2.3.0/gems/activerecord-5.0.1/lib/active_record/connection_adapters/abstract/connection_pool.rb:883:in `retrieve_connection'
/Users/toolmaker/.rvm/gems/ruby-2.3.0/gems/activerecord-5.0.1/lib/active_record/connection_handling.rb:128:in `retrieve_connection'
/Users/toolmaker/.rvm/gems/ruby-2.3.0/gems/activerecord-5.0.1/lib/active_record/connection_handling.rb:91:in `connection'
/Users/toolmaker/.rvm/gems/ruby-2.3.0/gems/activerecord-5.0.1/lib/active_record/model_schema.rb:441:in `load_schema!'
/Users/toolmaker/.rvm/gems/ruby-2.3.0/gems/activerecord-5.0.1/lib/active_record/attributes.rb:233:in `load_schema!'
/Users/toolmaker/.rvm/gems/ruby-2.3.0/gems/activerecord-5.0.1/lib/active_record/attribute_decorators.rb:28:in `load_schema!'
/Users/toolmaker/.rvm/gems/ruby-2.3.0/gems/activerecord-5.0.1/lib/active_record/model_schema.rb:436:in `load_schema'
/Users/toolmaker/.rvm/gems/ruby-2.3.0/gems/activerecord-5.0.1/lib/active_record/model_schema.rb:349:in `attribute_types'
/Users/toolmaker/.rvm/gems/ruby-2.3.0/gems/activerecord-5.0.1/lib/active_record/model_schema.rb:368:in `type_for_attribute'
/Users/toolmaker/.rvm/gems/ruby-2.3.0/gems/activerecord-5.0.1/lib/active_record/table_metadata.rb:34:in `type'
/Users/toolmaker/.rvm/gems/ruby-2.3.0/gems/activerecord-5.0.1/lib/active_record/relation/predicate_builder.rb:165:in `build_bind_param'
/Users/toolmaker/.rvm/gems/ruby-2.3.0/gems/activerecord-5.0.1/lib/active_record/relation/predicate_builder.rb:124:in `block in create_binds_for_hash'
/Users/toolmaker/.rvm/gems/ruby-2.3.0/gems/activerecord-5.0.1/lib/active_record/relation/predicate_builder.rb:100:in `each'
/Users/toolmaker/.rvm/gems/ruby-2.3.0/gems/activerecord-5.0.1/lib/active_record/relation/predicate_builder.rb:100:in `create_binds_for_hash'
/Users/toolmaker/.rvm/gems/ruby-2.3.0/gems/activerecord-5.0.1/lib/active_record/relation/predicate_builder.rb:36:in `create_binds'
/Users/toolmaker/.rvm/gems/ruby-2.3.0/gems/activerecord-5.0.1/lib/active_record/relation/where_clause_factory.rb:20:in `build'
/Users/toolmaker/.rvm/gems/ruby-2.3.0/gems/activerecord-5.0.1/lib/active_record/relation/query_methods.rb:632:in `where!'
/Users/toolmaker/.rvm/gems/ruby-2.3.0/gems/activerecord-5.0.1/lib/active_record/relation/query_methods.rb:625:in `where'
/Users/toolmaker/git/Boia/Rakefile:54:in `block in <top (required)>'
/Users/toolmaker/.rvm/gems/ruby-2.3.0/gems/rake-12.0.0/exe/rake:27:in `<top (required)>'
/Users/toolmaker/.rvm/gems/ruby-2.3.0/gems/bundler-1.12.5/lib/bundler/cli/exec.rb:63:in `load'
/Users/toolmaker/.rvm/gems/ruby-2.3.0/gems/bundler-1.12.5/lib/bundler/cli/exec.rb:63:in `kernel_load'
/Users/toolmaker/.rvm/gems/ruby-2.3.0/gems/bundler-1.12.5/lib/bundler/cli/exec.rb:24:in `run'
/Users/toolmaker/.rvm/gems/ruby-2.3.0/gems/bundler-1.12.5/lib/bundler/cli.rb:304:in `exec'
/Users/toolmaker/.rvm/gems/ruby-2.3.0/gems/bundler-1.12.5/lib/bundler/vendor/thor/lib/thor/command.rb:27:in `run'
/Users/toolmaker/.rvm/gems/ruby-2.3.0/gems/bundler-1.12.5/lib/bundler/vendor/thor/lib/thor/invocation.rb:126:in `invoke_command'
/Users/toolmaker/.rvm/gems/ruby-2.3.0/gems/bundler-1.12.5/lib/bundler/vendor/thor/lib/thor.rb:359:in `dispatch'
/Users/toolmaker/.rvm/gems/ruby-2.3.0/gems/bundler-1.12.5/lib/bundler/vendor/thor/lib/thor/base.rb:440:in `start'
/Users/toolmaker/.rvm/gems/ruby-2.3.0/gems/bundler-1.12.5/lib/bundler/cli.rb:11:in `start'
/Users/toolmaker/.rvm/gems/ruby-2.3.0/gems/bundler-1.12.5/exe/bundle:27:in `block in <top (required)>'
/Users/toolmaker/.rvm/gems/ruby-2.3.0/gems/bundler-1.12.5/lib/bundler/friendly_errors.rb:98:in `with_friendly_errors'
/Users/toolmaker/.rvm/gems/ruby-2.3.0/gems/bundler-1.12.5/exe/bundle:19:in `<top (required)>'
/Users/toolmaker/.rvm/gems/ruby-2.3.0/bin/bundle:23:in `load'
/Users/toolmaker/.rvm/gems/ruby-2.3.0/bin/bundle:23:in `<main>'
/Users/toolmaker/.rvm/gems/ruby-2.3.0/bin/ruby_executable_hooks:15:in `eval'
/Users/toolmaker/.rvm/gems/ruby-2.3.0/bin/ruby_executable_hooks:15:in `<main>'
Tasks: TOP => enviar_email
(See full trace by running task with --trace)
